Determining if the pthread_create exist failed with the following output:
Change Dir: /home/andrea/thesis_ws/build/panda_gazebo/CMakeFiles/CMakeTmp

Run Build Command:"/usr/bin/make" "cmTC_0c9af/fast"
/usr/bin/make -f CMakeFiles/cmTC_0c9af.dir/build.make CMakeFiles/cmTC_0c9af.dir/build
make[1]: ingresso nella directory "/home/andrea/thesis_ws/build/panda_gazebo/CMakeFiles/CMakeTmp"
Building C object CMakeFiles/cmTC_0c9af.dir/CheckSymbolExists.c.o
/usr/bin/cc     -o CMakeFiles/cmTC_0c9af.dir/CheckSymbolExists.c.o   -c /home/andrea/thesis_ws/build/panda_gazebo/CMakeFiles/CMakeTmp/CheckSymbolExists.c
Linking C executable cmTC_0c9af
/usr/bin/cmake -E cmake_link_script CMakeFiles/cmTC_0c9af.dir/link.txt --verbose=1
/usr/bin/cc       CMakeFiles/cmTC_0c9af.dir/CheckSymbolExists.c.o  -o cmTC_0c9af -rdynamic 
CMakeFiles/cmTC_0c9af.dir/CheckSymbolExists.c.o: nella funzione "main":
CheckSymbolExists.c:(.text+0x16): riferimento non definito a "pthread_create"
collect2: error: ld returned 1 exit status
CMakeFiles/cmTC_0c9af.dir/build.make:97: set di istruzioni per l'obiettivo "cmTC_0c9af" non riuscito
make[1]: *** [cmTC_0c9af] Errore 1
make[1]: uscita dalla directory "/home/andrea/thesis_ws/build/panda_gazebo/CMakeFiles/CMakeTmp"
Makefile:126: set di istruzioni per l'obiettivo "cmTC_0c9af/fast" non riuscito
make: *** [cmTC_0c9af/fast] Errore 2

File /home/andrea/thesis_ws/build/panda_gazebo/CMakeFiles/CMakeTmp/CheckSymbolExists.c:
/* */
#include <pthread.h>

int main(int argc, char** argv)
{
  (void)argv;
#ifndef pthread_create
  return ((int*)(&pthread_create))[argc];
#else
  (void)argc;
  return 0;
#endif
}

Determining if the function pthread_create exists in the pthreads failed with the following output:
Change Dir: /home/andrea/thesis_ws/build/panda_gazebo/CMakeFiles/CMakeTmp

Run Build Command:"/usr/bin/make" "cmTC_3c8a3/fast"
/usr/bin/make -f CMakeFiles/cmTC_3c8a3.dir/build.make CMakeFiles/cmTC_3c8a3.dir/build
make[1]: ingresso nella directory "/home/andrea/thesis_ws/build/panda_gazebo/CMakeFiles/CMakeTmp"
Building C object CMakeFiles/cmTC_3c8a3.dir/CheckFunctionExists.c.o
/usr/bin/cc    -DCHECK_FUNCTION_EXISTS=pthread_create   -o CMakeFiles/cmTC_3c8a3.dir/CheckFunctionExists.c.o   -c /usr/share/cmake-3.5/Modules/CheckFunctionExists.c
Linking C executable cmTC_3c8a3
/usr/bin/cmake -E cmake_link_script CMakeFiles/cmTC_3c8a3.dir/link.txt --verbose=1
/usr/bin/cc   -DCHECK_FUNCTION_EXISTS=pthread_create    CMakeFiles/cmTC_3c8a3.dir/CheckFunctionExists.c.o  -o cmTC_3c8a3 -rdynamic -lpthreads 
/usr/bin/ld: impossibile trovare -lpthreads
collect2: error: ld returned 1 exit status
CMakeFiles/cmTC_3c8a3.dir/build.make:97: set di istruzioni per l'obiettivo "cmTC_3c8a3" non riuscito
make[1]: *** [cmTC_3c8a3] Errore 1
make[1]: uscita dalla directory "/home/andrea/thesis_ws/build/panda_gazebo/CMakeFiles/CMakeTmp"
Makefile:126: set di istruzioni per l'obiettivo "cmTC_3c8a3/fast" non riuscito
make: *** [cmTC_3c8a3/fast] Errore 2


