Determining if the pthread_create exist failed with the following output:
Change Dir: /home/andrea/thesis_ws/build/panda_sim_controllers/CMakeFiles/CMakeTmp

Run Build Command:"/usr/bin/make" "cmTC_52786/fast"
/usr/bin/make -f CMakeFiles/cmTC_52786.dir/build.make CMakeFiles/cmTC_52786.dir/build
make[1]: ingresso nella directory "/home/andrea/thesis_ws/build/panda_sim_controllers/CMakeFiles/CMakeTmp"
Building C object CMakeFiles/cmTC_52786.dir/CheckSymbolExists.c.o
/usr/bin/cc     -o CMakeFiles/cmTC_52786.dir/CheckSymbolExists.c.o   -c /home/andrea/thesis_ws/build/panda_sim_controllers/CMakeFiles/CMakeTmp/CheckSymbolExists.c
Linking C executable cmTC_52786
/usr/bin/cmake -E cmake_link_script CMakeFiles/cmTC_52786.dir/link.txt --verbose=1
/usr/bin/cc       CMakeFiles/cmTC_52786.dir/CheckSymbolExists.c.o  -o cmTC_52786 -rdynamic 
CMakeFiles/cmTC_52786.dir/CheckSymbolExists.c.o: nella funzione "main":
CheckSymbolExists.c:(.text+0x16): riferimento non definito a "pthread_create"
collect2: error: ld returned 1 exit status
CMakeFiles/cmTC_52786.dir/build.make:97: set di istruzioni per l'obiettivo "cmTC_52786" non riuscito
make[1]: *** [cmTC_52786] Errore 1
make[1]: uscita dalla directory "/home/andrea/thesis_ws/build/panda_sim_controllers/CMakeFiles/CMakeTmp"
Makefile:126: set di istruzioni per l'obiettivo "cmTC_52786/fast" non riuscito
make: *** [cmTC_52786/fast] Errore 2

File /home/andrea/thesis_ws/build/panda_sim_controllers/CMakeFiles/CMakeTmp/CheckSymbolExists.c:
/* */
#include <pthread.h>

int main(int argc, char** argv)
{
  (void)argv;
#ifndef pthread_create
  return ((int*)(&pthread_create))[argc];
#else
  (void)argc;
  return 0;
#endif
}

Determining if the function pthread_create exists in the pthreads failed with the following output:
Change Dir: /home/andrea/thesis_ws/build/panda_sim_controllers/CMakeFiles/CMakeTmp

Run Build Command:"/usr/bin/make" "cmTC_cd435/fast"
/usr/bin/make -f CMakeFiles/cmTC_cd435.dir/build.make CMakeFiles/cmTC_cd435.dir/build
make[1]: ingresso nella directory "/home/andrea/thesis_ws/build/panda_sim_controllers/CMakeFiles/CMakeTmp"
Building C object CMakeFiles/cmTC_cd435.dir/CheckFunctionExists.c.o
/usr/bin/cc    -DCHECK_FUNCTION_EXISTS=pthread_create   -o CMakeFiles/cmTC_cd435.dir/CheckFunctionExists.c.o   -c /usr/share/cmake-3.5/Modules/CheckFunctionExists.c
Linking C executable cmTC_cd435
/usr/bin/cmake -E cmake_link_script CMakeFiles/cmTC_cd435.dir/link.txt --verbose=1
/usr/bin/cc   -DCHECK_FUNCTION_EXISTS=pthread_create    CMakeFiles/cmTC_cd435.dir/CheckFunctionExists.c.o  -o cmTC_cd435 -rdynamic -lpthreads 
/usr/bin/ld: impossibile trovare -lpthreads
collect2: error: ld returned 1 exit status
CMakeFiles/cmTC_cd435.dir/build.make:97: set di istruzioni per l'obiettivo "cmTC_cd435" non riuscito
make[1]: *** [cmTC_cd435] Errore 1
make[1]: uscita dalla directory "/home/andrea/thesis_ws/build/panda_sim_controllers/CMakeFiles/CMakeTmp"
Makefile:126: set di istruzioni per l'obiettivo "cmTC_cd435/fast" non riuscito
make: *** [cmTC_cd435/fast] Errore 2


