[36m--[0m Using CATKIN_DEVEL_PREFIX: /home/andrea/thesis_ws/devel/.private/panda_robot
[36m--[0m Using CMAKE_PREFIX_PATH: /home/andrea/thesis_ws/devel;/opt/ros/kinetic
[36m--[0m This workspace overlays: /home/andrea/thesis_ws/devel;/opt/ros/kinetic
[36m--[0m Found PythonInterp: /usr/bin/python2 (found suitable version "2.7.12", minimum required is "2")
[36m--[0m Using PYTHON_EXECUTABLE: /usr/bin/python2
[36m--[0m Using Debian Python package layout
[36m--[0m Using empy: /usr/bin/empy
[36m--[0m Using CATKIN_ENABLE_TESTING: ON
[36m--[0m Call enable_testing()
[36m--[0m Using CATKIN_TEST_RESULTS_DIR: /home/andrea/thesis_ws/build/panda_robot/test_results
[36m--[0m Found gtest sources under '/usr/src/gmock': gtests will be built
[36m--[0m Found gmock sources under '/usr/src/gmock': gmock will be built
[36m--[0m Found PythonInterp: /usr/bin/python2 (found version "2.7.12")
[36m--[0m Using Python nosetests: /usr/bin/nosetests-2.7
[36m--[0m catkin 0.7.29
[36m--[0m BUILD_SHARED_LIBS is on
[36m--[0m Using these message generators: gencpp;geneus;genlisp;gennodejs;genpy
[36m--[0m Configuring done
[31m[1mCMake Error[0m at /home/andrea/thesis_ws/src/panda_robot/CMakeLists.txt:24 (add_executable):
  Cannot find source file:

    script/2_test.cpp

  Tried extensions .c .C .c++ .cc .cpp .cxx .m .M .mm .h .hh .h++ .hm .hpp
  .hxx .in .txx


CMake Warning (dev) at CMakeLists.txt:26 (add_dependencies):
  Policy CMP0046 is not set: Error on non-existent dependency in
  add_dependencies.  Run "cmake --help-policy CMP0046" for policy details.
  Use the cmake_policy command to set the policy and suppress this warning.

  The dependency target "panda_robot_generate_messages_cpp" of target
  "2_test" does not exist.
This warning is for project developers.  Use -Wno-dev to suppress it.

CMake Error: CMake can not determine linker language for target: 2_test
CMake Error: Cannot determine link language for target "2_test".
[36m--[0m Generating done
[36m--[0m Build files have been written to: /home/andrea/thesis_ws/build/panda_robot
Makefile:1242: set di istruzioni per l'obiettivo "cmake_check_build_system" non riuscito
make: *** [cmake_check_build_system] Errore 1
