Determining if the pthread_create exist failed with the following output:
Change Dir: /home/andrea/thesis_ws/build/panda_hardware_interface/CMakeFiles/CMakeTmp

Run Build Command:"/usr/bin/make" "cmTC_a1615/fast"
/usr/bin/make -f CMakeFiles/cmTC_a1615.dir/build.make CMakeFiles/cmTC_a1615.dir/build
make[1]: ingresso nella directory "/home/andrea/thesis_ws/build/panda_hardware_interface/CMakeFiles/CMakeTmp"
Building C object CMakeFiles/cmTC_a1615.dir/CheckSymbolExists.c.o
/usr/bin/cc     -o CMakeFiles/cmTC_a1615.dir/CheckSymbolExists.c.o   -c /home/andrea/thesis_ws/build/panda_hardware_interface/CMakeFiles/CMakeTmp/CheckSymbolExists.c
Linking C executable cmTC_a1615
/usr/bin/cmake -E cmake_link_script CMakeFiles/cmTC_a1615.dir/link.txt --verbose=1
/usr/bin/cc       CMakeFiles/cmTC_a1615.dir/CheckSymbolExists.c.o  -o cmTC_a1615 -rdynamic 
CMakeFiles/cmTC_a1615.dir/CheckSymbolExists.c.o: nella funzione "main":
CheckSymbolExists.c:(.text+0x16): riferimento non definito a "pthread_create"
collect2: error: ld returned 1 exit status
CMakeFiles/cmTC_a1615.dir/build.make:97: set di istruzioni per l'obiettivo "cmTC_a1615" non riuscito
make[1]: *** [cmTC_a1615] Errore 1
make[1]: uscita dalla directory "/home/andrea/thesis_ws/build/panda_hardware_interface/CMakeFiles/CMakeTmp"
Makefile:126: set di istruzioni per l'obiettivo "cmTC_a1615/fast" non riuscito
make: *** [cmTC_a1615/fast] Errore 2

File /home/andrea/thesis_ws/build/panda_hardware_interface/CMakeFiles/CMakeTmp/CheckSymbolExists.c:
/* */
#include <pthread.h>

int main(int argc, char** argv)
{
  (void)argv;
#ifndef pthread_create
  return ((int*)(&pthread_create))[argc];
#else
  (void)argc;
  return 0;
#endif
}

Determining if the function pthread_create exists in the pthreads failed with the following output:
Change Dir: /home/andrea/thesis_ws/build/panda_hardware_interface/CMakeFiles/CMakeTmp

Run Build Command:"/usr/bin/make" "cmTC_c7195/fast"
/usr/bin/make -f CMakeFiles/cmTC_c7195.dir/build.make CMakeFiles/cmTC_c7195.dir/build
make[1]: ingresso nella directory "/home/andrea/thesis_ws/build/panda_hardware_interface/CMakeFiles/CMakeTmp"
Building C object CMakeFiles/cmTC_c7195.dir/CheckFunctionExists.c.o
/usr/bin/cc    -DCHECK_FUNCTION_EXISTS=pthread_create   -o CMakeFiles/cmTC_c7195.dir/CheckFunctionExists.c.o   -c /usr/share/cmake-3.5/Modules/CheckFunctionExists.c
Linking C executable cmTC_c7195
/usr/bin/cmake -E cmake_link_script CMakeFiles/cmTC_c7195.dir/link.txt --verbose=1
/usr/bin/cc   -DCHECK_FUNCTION_EXISTS=pthread_create    CMakeFiles/cmTC_c7195.dir/CheckFunctionExists.c.o  -o cmTC_c7195 -rdynamic -lpthreads 
/usr/bin/ld: impossibile trovare -lpthreads
collect2: error: ld returned 1 exit status
CMakeFiles/cmTC_c7195.dir/build.make:97: set di istruzioni per l'obiettivo "cmTC_c7195" non riuscito
make[1]: *** [cmTC_c7195] Errore 1
make[1]: uscita dalla directory "/home/andrea/thesis_ws/build/panda_hardware_interface/CMakeFiles/CMakeTmp"
Makefile:126: set di istruzioni per l'obiettivo "cmTC_c7195/fast" non riuscito
make: *** [cmTC_c7195/fast] Errore 2


