Determining if the pthread_create exist failed with the following output:
Change Dir: /home/andrea/thesis_ws/build/panda_simulator_examples/CMakeFiles/CMakeTmp

Run Build Command:"/usr/bin/make" "cmTC_01bdd/fast"
/usr/bin/make -f CMakeFiles/cmTC_01bdd.dir/build.make CMakeFiles/cmTC_01bdd.dir/build
make[1]: ingresso nella directory "/home/andrea/thesis_ws/build/panda_simulator_examples/CMakeFiles/CMakeTmp"
Building C object CMakeFiles/cmTC_01bdd.dir/CheckSymbolExists.c.o
/usr/bin/cc     -o CMakeFiles/cmTC_01bdd.dir/CheckSymbolExists.c.o   -c /home/andrea/thesis_ws/build/panda_simulator_examples/CMakeFiles/CMakeTmp/CheckSymbolExists.c
Linking C executable cmTC_01bdd
/usr/bin/cmake -E cmake_link_script CMakeFiles/cmTC_01bdd.dir/link.txt --verbose=1
/usr/bin/cc       CMakeFiles/cmTC_01bdd.dir/CheckSymbolExists.c.o  -o cmTC_01bdd -rdynamic 
CMakeFiles/cmTC_01bdd.dir/CheckSymbolExists.c.o: nella funzione "main":
CheckSymbolExists.c:(.text+0x16): riferimento non definito a "pthread_create"
collect2: error: ld returned 1 exit status
CMakeFiles/cmTC_01bdd.dir/build.make:97: set di istruzioni per l'obiettivo "cmTC_01bdd" non riuscito
make[1]: *** [cmTC_01bdd] Errore 1
make[1]: uscita dalla directory "/home/andrea/thesis_ws/build/panda_simulator_examples/CMakeFiles/CMakeTmp"
Makefile:126: set di istruzioni per l'obiettivo "cmTC_01bdd/fast" non riuscito
make: *** [cmTC_01bdd/fast] Errore 2

File /home/andrea/thesis_ws/build/panda_simulator_examples/CMakeFiles/CMakeTmp/CheckSymbolExists.c:
/* */
#include <pthread.h>

int main(int argc, char** argv)
{
  (void)argv;
#ifndef pthread_create
  return ((int*)(&pthread_create))[argc];
#else
  (void)argc;
  return 0;
#endif
}

Determining if the function pthread_create exists in the pthreads failed with the following output:
Change Dir: /home/andrea/thesis_ws/build/panda_simulator_examples/CMakeFiles/CMakeTmp

Run Build Command:"/usr/bin/make" "cmTC_f507a/fast"
/usr/bin/make -f CMakeFiles/cmTC_f507a.dir/build.make CMakeFiles/cmTC_f507a.dir/build
make[1]: ingresso nella directory "/home/andrea/thesis_ws/build/panda_simulator_examples/CMakeFiles/CMakeTmp"
Building C object CMakeFiles/cmTC_f507a.dir/CheckFunctionExists.c.o
/usr/bin/cc    -DCHECK_FUNCTION_EXISTS=pthread_create   -o CMakeFiles/cmTC_f507a.dir/CheckFunctionExists.c.o   -c /usr/share/cmake-3.5/Modules/CheckFunctionExists.c
Linking C executable cmTC_f507a
/usr/bin/cmake -E cmake_link_script CMakeFiles/cmTC_f507a.dir/link.txt --verbose=1
/usr/bin/cc   -DCHECK_FUNCTION_EXISTS=pthread_create    CMakeFiles/cmTC_f507a.dir/CheckFunctionExists.c.o  -o cmTC_f507a -rdynamic -lpthreads 
/usr/bin/ld: impossibile trovare -lpthreads
collect2: error: ld returned 1 exit status
CMakeFiles/cmTC_f507a.dir/build.make:97: set di istruzioni per l'obiettivo "cmTC_f507a" non riuscito
make[1]: *** [cmTC_f507a] Errore 1
make[1]: uscita dalla directory "/home/andrea/thesis_ws/build/panda_simulator_examples/CMakeFiles/CMakeTmp"
Makefile:126: set di istruzioni per l'obiettivo "cmTC_f507a/fast" non riuscito
make: *** [cmTC_f507a/fast] Errore 2


