Determining if the pthread_create exist failed with the following output:
Change Dir: /home/andrea/thesis_ws/build/franka_visualization/CMakeFiles/CMakeTmp

Run Build Command:"/usr/bin/make" "cmTC_579d8/fast"
/usr/bin/make -f CMakeFiles/cmTC_579d8.dir/build.make CMakeFiles/cmTC_579d8.dir/build
make[1]: ingresso nella directory "/home/andrea/thesis_ws/build/franka_visualization/CMakeFiles/CMakeTmp"
Building C object CMakeFiles/cmTC_579d8.dir/CheckSymbolExists.c.o
/usr/bin/cc     -o CMakeFiles/cmTC_579d8.dir/CheckSymbolExists.c.o   -c /home/andrea/thesis_ws/build/franka_visualization/CMakeFiles/CMakeTmp/CheckSymbolExists.c
Linking C executable cmTC_579d8
/usr/bin/cmake -E cmake_link_script CMakeFiles/cmTC_579d8.dir/link.txt --verbose=1
/usr/bin/cc       CMakeFiles/cmTC_579d8.dir/CheckSymbolExists.c.o  -o cmTC_579d8 -rdynamic 
CMakeFiles/cmTC_579d8.dir/CheckSymbolExists.c.o: nella funzione "main":
CheckSymbolExists.c:(.text+0x16): riferimento non definito a "pthread_create"
collect2: error: ld returned 1 exit status
CMakeFiles/cmTC_579d8.dir/build.make:97: set di istruzioni per l'obiettivo "cmTC_579d8" non riuscito
make[1]: *** [cmTC_579d8] Errore 1
make[1]: uscita dalla directory "/home/andrea/thesis_ws/build/franka_visualization/CMakeFiles/CMakeTmp"
Makefile:126: set di istruzioni per l'obiettivo "cmTC_579d8/fast" non riuscito
make: *** [cmTC_579d8/fast] Errore 2

File /home/andrea/thesis_ws/build/franka_visualization/CMakeFiles/CMakeTmp/CheckSymbolExists.c:
/* */
#include <pthread.h>

int main(int argc, char** argv)
{
  (void)argv;
#ifndef pthread_create
  return ((int*)(&pthread_create))[argc];
#else
  (void)argc;
  return 0;
#endif
}

Determining if the function pthread_create exists in the pthreads failed with the following output:
Change Dir: /home/andrea/thesis_ws/build/franka_visualization/CMakeFiles/CMakeTmp

Run Build Command:"/usr/bin/make" "cmTC_3982e/fast"
/usr/bin/make -f CMakeFiles/cmTC_3982e.dir/build.make CMakeFiles/cmTC_3982e.dir/build
make[1]: ingresso nella directory "/home/andrea/thesis_ws/build/franka_visualization/CMakeFiles/CMakeTmp"
Building C object CMakeFiles/cmTC_3982e.dir/CheckFunctionExists.c.o
/usr/bin/cc    -DCHECK_FUNCTION_EXISTS=pthread_create   -o CMakeFiles/cmTC_3982e.dir/CheckFunctionExists.c.o   -c /usr/share/cmake-3.5/Modules/CheckFunctionExists.c
Linking C executable cmTC_3982e
/usr/bin/cmake -E cmake_link_script CMakeFiles/cmTC_3982e.dir/link.txt --verbose=1
/usr/bin/cc   -DCHECK_FUNCTION_EXISTS=pthread_create    CMakeFiles/cmTC_3982e.dir/CheckFunctionExists.c.o  -o cmTC_3982e -rdynamic -lpthreads 
/usr/bin/ld: impossibile trovare -lpthreads
collect2: error: ld returned 1 exit status
CMakeFiles/cmTC_3982e.dir/build.make:97: set di istruzioni per l'obiettivo "cmTC_3982e" non riuscito
make[1]: *** [cmTC_3982e] Errore 1
make[1]: uscita dalla directory "/home/andrea/thesis_ws/build/franka_visualization/CMakeFiles/CMakeTmp"
Makefile:126: set di istruzioni per l'obiettivo "cmTC_3982e/fast" non riuscito
make: *** [cmTC_3982e/fast] Errore 2


