Determining if the pthread_create exist failed with the following output:
Change Dir: /home/andrea/thesis_ws/build/franka_interface/CMakeFiles/CMakeTmp

Run Build Command:"/usr/bin/make" "cmTC_163ba/fast"
/usr/bin/make -f CMakeFiles/cmTC_163ba.dir/build.make CMakeFiles/cmTC_163ba.dir/build
make[1]: ingresso nella directory "/home/andrea/thesis_ws/build/franka_interface/CMakeFiles/CMakeTmp"
Building C object CMakeFiles/cmTC_163ba.dir/CheckSymbolExists.c.o
/usr/bin/cc     -o CMakeFiles/cmTC_163ba.dir/CheckSymbolExists.c.o   -c /home/andrea/thesis_ws/build/franka_interface/CMakeFiles/CMakeTmp/CheckSymbolExists.c
Linking C executable cmTC_163ba
/usr/bin/cmake -E cmake_link_script CMakeFiles/cmTC_163ba.dir/link.txt --verbose=1
/usr/bin/cc       CMakeFiles/cmTC_163ba.dir/CheckSymbolExists.c.o  -o cmTC_163ba -rdynamic 
CMakeFiles/cmTC_163ba.dir/CheckSymbolExists.c.o: nella funzione "main":
CheckSymbolExists.c:(.text+0x16): riferimento non definito a "pthread_create"
collect2: error: ld returned 1 exit status
CMakeFiles/cmTC_163ba.dir/build.make:97: set di istruzioni per l'obiettivo "cmTC_163ba" non riuscito
make[1]: *** [cmTC_163ba] Errore 1
make[1]: uscita dalla directory "/home/andrea/thesis_ws/build/franka_interface/CMakeFiles/CMakeTmp"
Makefile:126: set di istruzioni per l'obiettivo "cmTC_163ba/fast" non riuscito
make: *** [cmTC_163ba/fast] Errore 2

File /home/andrea/thesis_ws/build/franka_interface/CMakeFiles/CMakeTmp/CheckSymbolExists.c:
/* */
#include <pthread.h>

int main(int argc, char** argv)
{
  (void)argv;
#ifndef pthread_create
  return ((int*)(&pthread_create))[argc];
#else
  (void)argc;
  return 0;
#endif
}

Determining if the function pthread_create exists in the pthreads failed with the following output:
Change Dir: /home/andrea/thesis_ws/build/franka_interface/CMakeFiles/CMakeTmp

Run Build Command:"/usr/bin/make" "cmTC_85246/fast"
/usr/bin/make -f CMakeFiles/cmTC_85246.dir/build.make CMakeFiles/cmTC_85246.dir/build
make[1]: ingresso nella directory "/home/andrea/thesis_ws/build/franka_interface/CMakeFiles/CMakeTmp"
Building C object CMakeFiles/cmTC_85246.dir/CheckFunctionExists.c.o
/usr/bin/cc    -DCHECK_FUNCTION_EXISTS=pthread_create   -o CMakeFiles/cmTC_85246.dir/CheckFunctionExists.c.o   -c /usr/share/cmake-3.5/Modules/CheckFunctionExists.c
Linking C executable cmTC_85246
/usr/bin/cmake -E cmake_link_script CMakeFiles/cmTC_85246.dir/link.txt --verbose=1
/usr/bin/cc   -DCHECK_FUNCTION_EXISTS=pthread_create    CMakeFiles/cmTC_85246.dir/CheckFunctionExists.c.o  -o cmTC_85246 -rdynamic -lpthreads 
/usr/bin/ld: impossibile trovare -lpthreads
collect2: error: ld returned 1 exit status
CMakeFiles/cmTC_85246.dir/build.make:97: set di istruzioni per l'obiettivo "cmTC_85246" non riuscito
make[1]: *** [cmTC_85246] Errore 1
make[1]: uscita dalla directory "/home/andrea/thesis_ws/build/franka_interface/CMakeFiles/CMakeTmp"
Makefile:126: set di istruzioni per l'obiettivo "cmTC_85246/fast" non riuscito
make: *** [cmTC_85246/fast] Errore 2


