Determining if the pthread_create exist failed with the following output:
Change Dir: /home/andrea/thesis_ws/build/panda_robot/CMakeFiles/CMakeTmp

Run Build Command:"/usr/bin/make" "cmTC_872a3/fast"
/usr/bin/make -f CMakeFiles/cmTC_872a3.dir/build.make CMakeFiles/cmTC_872a3.dir/build
make[1]: ingresso nella directory "/home/andrea/thesis_ws/build/panda_robot/CMakeFiles/CMakeTmp"
Building C object CMakeFiles/cmTC_872a3.dir/CheckSymbolExists.c.o
/usr/bin/cc     -o CMakeFiles/cmTC_872a3.dir/CheckSymbolExists.c.o   -c /home/andrea/thesis_ws/build/panda_robot/CMakeFiles/CMakeTmp/CheckSymbolExists.c
Linking C executable cmTC_872a3
/usr/bin/cmake -E cmake_link_script CMakeFiles/cmTC_872a3.dir/link.txt --verbose=1
/usr/bin/cc       CMakeFiles/cmTC_872a3.dir/CheckSymbolExists.c.o  -o cmTC_872a3 -rdynamic 
CMakeFiles/cmTC_872a3.dir/CheckSymbolExists.c.o: nella funzione "main":
CheckSymbolExists.c:(.text+0x16): riferimento non definito a "pthread_create"
collect2: error: ld returned 1 exit status
CMakeFiles/cmTC_872a3.dir/build.make:97: set di istruzioni per l'obiettivo "cmTC_872a3" non riuscito
make[1]: *** [cmTC_872a3] Errore 1
make[1]: uscita dalla directory "/home/andrea/thesis_ws/build/panda_robot/CMakeFiles/CMakeTmp"
Makefile:126: set di istruzioni per l'obiettivo "cmTC_872a3/fast" non riuscito
make: *** [cmTC_872a3/fast] Errore 2

File /home/andrea/thesis_ws/build/panda_robot/CMakeFiles/CMakeTmp/CheckSymbolExists.c:
/* */
#include <pthread.h>

int main(int argc, char** argv)
{
  (void)argv;
#ifndef pthread_create
  return ((int*)(&pthread_create))[argc];
#else
  (void)argc;
  return 0;
#endif
}

Determining if the function pthread_create exists in the pthreads failed with the following output:
Change Dir: /home/andrea/thesis_ws/build/panda_robot/CMakeFiles/CMakeTmp

Run Build Command:"/usr/bin/make" "cmTC_19b41/fast"
/usr/bin/make -f CMakeFiles/cmTC_19b41.dir/build.make CMakeFiles/cmTC_19b41.dir/build
make[1]: ingresso nella directory "/home/andrea/thesis_ws/build/panda_robot/CMakeFiles/CMakeTmp"
Building C object CMakeFiles/cmTC_19b41.dir/CheckFunctionExists.c.o
/usr/bin/cc    -DCHECK_FUNCTION_EXISTS=pthread_create   -o CMakeFiles/cmTC_19b41.dir/CheckFunctionExists.c.o   -c /usr/share/cmake-3.5/Modules/CheckFunctionExists.c
Linking C executable cmTC_19b41
/usr/bin/cmake -E cmake_link_script CMakeFiles/cmTC_19b41.dir/link.txt --verbose=1
/usr/bin/cc   -DCHECK_FUNCTION_EXISTS=pthread_create    CMakeFiles/cmTC_19b41.dir/CheckFunctionExists.c.o  -o cmTC_19b41 -rdynamic -lpthreads 
/usr/bin/ld: impossibile trovare -lpthreads
collect2: error: ld returned 1 exit status
CMakeFiles/cmTC_19b41.dir/build.make:97: set di istruzioni per l'obiettivo "cmTC_19b41" non riuscito
make[1]: *** [cmTC_19b41] Errore 1
make[1]: uscita dalla directory "/home/andrea/thesis_ws/build/panda_robot/CMakeFiles/CMakeTmp"
Makefile:126: set di istruzioni per l'obiettivo "cmTC_19b41/fast" non riuscito
make: *** [cmTC_19b41/fast] Errore 2


