Determining if the pthread_create exist failed with the following output:
Change Dir: /home/andrea/thesis_ws/build/panda_sim_custom_action_server/CMakeFiles/CMakeTmp

Run Build Command:"/usr/bin/make" "cmTC_57237/fast"
/usr/bin/make -f CMakeFiles/cmTC_57237.dir/build.make CMakeFiles/cmTC_57237.dir/build
make[1]: ingresso nella directory "/home/andrea/thesis_ws/build/panda_sim_custom_action_server/CMakeFiles/CMakeTmp"
Building C object CMakeFiles/cmTC_57237.dir/CheckSymbolExists.c.o
/usr/bin/cc     -o CMakeFiles/cmTC_57237.dir/CheckSymbolExists.c.o   -c /home/andrea/thesis_ws/build/panda_sim_custom_action_server/CMakeFiles/CMakeTmp/CheckSymbolExists.c
Linking C executable cmTC_57237
/usr/bin/cmake -E cmake_link_script CMakeFiles/cmTC_57237.dir/link.txt --verbose=1
/usr/bin/cc       CMakeFiles/cmTC_57237.dir/CheckSymbolExists.c.o  -o cmTC_57237 -rdynamic 
CMakeFiles/cmTC_57237.dir/CheckSymbolExists.c.o: nella funzione "main":
CheckSymbolExists.c:(.text+0x16): riferimento non definito a "pthread_create"
collect2: error: ld returned 1 exit status
CMakeFiles/cmTC_57237.dir/build.make:97: set di istruzioni per l'obiettivo "cmTC_57237" non riuscito
make[1]: *** [cmTC_57237] Errore 1
make[1]: uscita dalla directory "/home/andrea/thesis_ws/build/panda_sim_custom_action_server/CMakeFiles/CMakeTmp"
Makefile:126: set di istruzioni per l'obiettivo "cmTC_57237/fast" non riuscito
make: *** [cmTC_57237/fast] Errore 2

File /home/andrea/thesis_ws/build/panda_sim_custom_action_server/CMakeFiles/CMakeTmp/CheckSymbolExists.c:
/* */
#include <pthread.h>

int main(int argc, char** argv)
{
  (void)argv;
#ifndef pthread_create
  return ((int*)(&pthread_create))[argc];
#else
  (void)argc;
  return 0;
#endif
}

Determining if the function pthread_create exists in the pthreads failed with the following output:
Change Dir: /home/andrea/thesis_ws/build/panda_sim_custom_action_server/CMakeFiles/CMakeTmp

Run Build Command:"/usr/bin/make" "cmTC_77cca/fast"
/usr/bin/make -f CMakeFiles/cmTC_77cca.dir/build.make CMakeFiles/cmTC_77cca.dir/build
make[1]: ingresso nella directory "/home/andrea/thesis_ws/build/panda_sim_custom_action_server/CMakeFiles/CMakeTmp"
Building C object CMakeFiles/cmTC_77cca.dir/CheckFunctionExists.c.o
/usr/bin/cc    -DCHECK_FUNCTION_EXISTS=pthread_create   -o CMakeFiles/cmTC_77cca.dir/CheckFunctionExists.c.o   -c /usr/share/cmake-3.5/Modules/CheckFunctionExists.c
Linking C executable cmTC_77cca
/usr/bin/cmake -E cmake_link_script CMakeFiles/cmTC_77cca.dir/link.txt --verbose=1
/usr/bin/cc   -DCHECK_FUNCTION_EXISTS=pthread_create    CMakeFiles/cmTC_77cca.dir/CheckFunctionExists.c.o  -o cmTC_77cca -rdynamic -lpthreads 
/usr/bin/ld: impossibile trovare -lpthreads
collect2: error: ld returned 1 exit status
CMakeFiles/cmTC_77cca.dir/build.make:97: set di istruzioni per l'obiettivo "cmTC_77cca" non riuscito
make[1]: *** [cmTC_77cca] Errore 1
make[1]: uscita dalla directory "/home/andrea/thesis_ws/build/panda_sim_custom_action_server/CMakeFiles/CMakeTmp"
Makefile:126: set di istruzioni per l'obiettivo "cmTC_77cca/fast" non riuscito
make: *** [cmTC_77cca/fast] Errore 2


