Determining if the pthread_create exist failed with the following output:
Change Dir: /home/andrea/thesis_ws/build/franka_core_msgs/CMakeFiles/CMakeTmp

Run Build Command:"/usr/bin/make" "cmTC_99719/fast"
/usr/bin/make -f CMakeFiles/cmTC_99719.dir/build.make CMakeFiles/cmTC_99719.dir/build
make[1]: ingresso nella directory "/home/andrea/thesis_ws/build/franka_core_msgs/CMakeFiles/CMakeTmp"
Building C object CMakeFiles/cmTC_99719.dir/CheckSymbolExists.c.o
/usr/bin/cc     -o CMakeFiles/cmTC_99719.dir/CheckSymbolExists.c.o   -c /home/andrea/thesis_ws/build/franka_core_msgs/CMakeFiles/CMakeTmp/CheckSymbolExists.c
Linking C executable cmTC_99719
/usr/bin/cmake -E cmake_link_script CMakeFiles/cmTC_99719.dir/link.txt --verbose=1
/usr/bin/cc       CMakeFiles/cmTC_99719.dir/CheckSymbolExists.c.o  -o cmTC_99719 -rdynamic 
CMakeFiles/cmTC_99719.dir/CheckSymbolExists.c.o: nella funzione "main":
CheckSymbolExists.c:(.text+0x16): riferimento non definito a "pthread_create"
collect2: error: ld returned 1 exit status
CMakeFiles/cmTC_99719.dir/build.make:97: set di istruzioni per l'obiettivo "cmTC_99719" non riuscito
make[1]: *** [cmTC_99719] Errore 1
make[1]: uscita dalla directory "/home/andrea/thesis_ws/build/franka_core_msgs/CMakeFiles/CMakeTmp"
Makefile:126: set di istruzioni per l'obiettivo "cmTC_99719/fast" non riuscito
make: *** [cmTC_99719/fast] Errore 2

File /home/andrea/thesis_ws/build/franka_core_msgs/CMakeFiles/CMakeTmp/CheckSymbolExists.c:
/* */
#include <pthread.h>

int main(int argc, char** argv)
{
  (void)argv;
#ifndef pthread_create
  return ((int*)(&pthread_create))[argc];
#else
  (void)argc;
  return 0;
#endif
}

Determining if the function pthread_create exists in the pthreads failed with the following output:
Change Dir: /home/andrea/thesis_ws/build/franka_core_msgs/CMakeFiles/CMakeTmp

Run Build Command:"/usr/bin/make" "cmTC_c9a7d/fast"
/usr/bin/make -f CMakeFiles/cmTC_c9a7d.dir/build.make CMakeFiles/cmTC_c9a7d.dir/build
make[1]: ingresso nella directory "/home/andrea/thesis_ws/build/franka_core_msgs/CMakeFiles/CMakeTmp"
Building C object CMakeFiles/cmTC_c9a7d.dir/CheckFunctionExists.c.o
/usr/bin/cc    -DCHECK_FUNCTION_EXISTS=pthread_create   -o CMakeFiles/cmTC_c9a7d.dir/CheckFunctionExists.c.o   -c /usr/share/cmake-3.5/Modules/CheckFunctionExists.c
Linking C executable cmTC_c9a7d
/usr/bin/cmake -E cmake_link_script CMakeFiles/cmTC_c9a7d.dir/link.txt --verbose=1
/usr/bin/cc   -DCHECK_FUNCTION_EXISTS=pthread_create    CMakeFiles/cmTC_c9a7d.dir/CheckFunctionExists.c.o  -o cmTC_c9a7d -rdynamic -lpthreads 
/usr/bin/ld: impossibile trovare -lpthreads
collect2: error: ld returned 1 exit status
CMakeFiles/cmTC_c9a7d.dir/build.make:97: set di istruzioni per l'obiettivo "cmTC_c9a7d" non riuscito
make[1]: *** [cmTC_c9a7d] Errore 1
make[1]: uscita dalla directory "/home/andrea/thesis_ws/build/franka_core_msgs/CMakeFiles/CMakeTmp"
Makefile:126: set di istruzioni per l'obiettivo "cmTC_c9a7d/fast" non riuscito
make: *** [cmTC_c9a7d/fast] Errore 2


