Determining if the pthread_create exist failed with the following output:
Change Dir: /home/andrea/thesis_ws/build/franka_ros_controllers/CMakeFiles/CMakeTmp

Run Build Command:"/usr/bin/make" "cmTC_e29bf/fast"
/usr/bin/make -f CMakeFiles/cmTC_e29bf.dir/build.make CMakeFiles/cmTC_e29bf.dir/build
make[1]: ingresso nella directory "/home/andrea/thesis_ws/build/franka_ros_controllers/CMakeFiles/CMakeTmp"
Building C object CMakeFiles/cmTC_e29bf.dir/CheckSymbolExists.c.o
/usr/bin/cc     -o CMakeFiles/cmTC_e29bf.dir/CheckSymbolExists.c.o   -c /home/andrea/thesis_ws/build/franka_ros_controllers/CMakeFiles/CMakeTmp/CheckSymbolExists.c
Linking C executable cmTC_e29bf
/usr/bin/cmake -E cmake_link_script CMakeFiles/cmTC_e29bf.dir/link.txt --verbose=1
/usr/bin/cc       CMakeFiles/cmTC_e29bf.dir/CheckSymbolExists.c.o  -o cmTC_e29bf -rdynamic 
CMakeFiles/cmTC_e29bf.dir/CheckSymbolExists.c.o: nella funzione "main":
CheckSymbolExists.c:(.text+0x16): riferimento non definito a "pthread_create"
collect2: error: ld returned 1 exit status
CMakeFiles/cmTC_e29bf.dir/build.make:97: set di istruzioni per l'obiettivo "cmTC_e29bf" non riuscito
make[1]: *** [cmTC_e29bf] Errore 1
make[1]: uscita dalla directory "/home/andrea/thesis_ws/build/franka_ros_controllers/CMakeFiles/CMakeTmp"
Makefile:126: set di istruzioni per l'obiettivo "cmTC_e29bf/fast" non riuscito
make: *** [cmTC_e29bf/fast] Errore 2

File /home/andrea/thesis_ws/build/franka_ros_controllers/CMakeFiles/CMakeTmp/CheckSymbolExists.c:
/* */
#include <pthread.h>

int main(int argc, char** argv)
{
  (void)argv;
#ifndef pthread_create
  return ((int*)(&pthread_create))[argc];
#else
  (void)argc;
  return 0;
#endif
}

Determining if the function pthread_create exists in the pthreads failed with the following output:
Change Dir: /home/andrea/thesis_ws/build/franka_ros_controllers/CMakeFiles/CMakeTmp

Run Build Command:"/usr/bin/make" "cmTC_387ac/fast"
/usr/bin/make -f CMakeFiles/cmTC_387ac.dir/build.make CMakeFiles/cmTC_387ac.dir/build
make[1]: ingresso nella directory "/home/andrea/thesis_ws/build/franka_ros_controllers/CMakeFiles/CMakeTmp"
Building C object CMakeFiles/cmTC_387ac.dir/CheckFunctionExists.c.o
/usr/bin/cc    -DCHECK_FUNCTION_EXISTS=pthread_create   -o CMakeFiles/cmTC_387ac.dir/CheckFunctionExists.c.o   -c /usr/share/cmake-3.5/Modules/CheckFunctionExists.c
Linking C executable cmTC_387ac
/usr/bin/cmake -E cmake_link_script CMakeFiles/cmTC_387ac.dir/link.txt --verbose=1
/usr/bin/cc   -DCHECK_FUNCTION_EXISTS=pthread_create    CMakeFiles/cmTC_387ac.dir/CheckFunctionExists.c.o  -o cmTC_387ac -rdynamic -lpthreads 
/usr/bin/ld: impossibile trovare -lpthreads
collect2: error: ld returned 1 exit status
CMakeFiles/cmTC_387ac.dir/build.make:97: set di istruzioni per l'obiettivo "cmTC_387ac" non riuscito
make[1]: *** [cmTC_387ac] Errore 1
make[1]: uscita dalla directory "/home/andrea/thesis_ws/build/franka_ros_controllers/CMakeFiles/CMakeTmp"
Makefile:126: set di istruzioni per l'obiettivo "cmTC_387ac/fast" non riuscito
make: *** [cmTC_387ac/fast] Errore 2


